[debug] [2024-02-20T17:30:36.359Z] ----------------------------------------------------------------------
[debug] [2024-02-20T17:30:36.360Z] Command:       /Users/tomas.juricka/.nvm/versions/node/v20.10.0/bin/node /Users/tomas.juricka/.nvm/versions/node/v20.10.0/bin/firebase deploy
[debug] [2024-02-20T17:30:36.361Z] CLI Version:   13.1.0
[debug] [2024-02-20T17:30:36.361Z] Platform:      darwin
[debug] [2024-02-20T17:30:36.361Z] Node Version:  v20.10.0
[debug] [2024-02-20T17:30:36.361Z] Time:          Tue Feb 20 2024 18:30:36 GMT+0100 (Central European Standard Time)
[debug] [2024-02-20T17:30:36.361Z] ----------------------------------------------------------------------
[debug] 
[debug] [2024-02-20T17:30:36.396Z] > command requires scopes: ["email","openid","https://www.googleapis.com/auth/cloudplatformprojects.readonly","https://www.googleapis.com/auth/firebase","https://www.googleapis.com/auth/cloud-platform"]
[debug] [2024-02-20T17:30:36.396Z] > authorizing via signed-in user (juricka@sutb.cz)
[debug] [2024-02-20T17:30:36.396Z] [iam] checking project su-polstarova-bitva for permissions ["firebase.projects.get","firebasehosting.sites.update"]
[debug] [2024-02-20T17:30:36.397Z] >>> [apiv2][query] POST https://cloudresourcemanager.googleapis.com/v1/projects/su-polstarova-bitva:testIamPermissions [none]
[debug] [2024-02-20T17:30:36.397Z] >>> [apiv2][(partial)header] POST https://cloudresourcemanager.googleapis.com/v1/projects/su-polstarova-bitva:testIamPermissions x-goog-quota-user=projects/su-polstarova-bitva
[debug] [2024-02-20T17:30:36.397Z] >>> [apiv2][body] POST https://cloudresourcemanager.googleapis.com/v1/projects/su-polstarova-bitva:testIamPermissions {"permissions":["firebase.projects.get","firebasehosting.sites.update"]}
[debug] [2024-02-20T17:30:37.348Z] <<< [apiv2][status] POST https://cloudresourcemanager.googleapis.com/v1/projects/su-polstarova-bitva:testIamPermissions 200
[debug] [2024-02-20T17:30:37.348Z] <<< [apiv2][body] POST https://cloudresourcemanager.googleapis.com/v1/projects/su-polstarova-bitva:testIamPermissions {"permissions":["firebase.projects.get","firebasehosting.sites.update"]}
[debug] [2024-02-20T17:30:37.348Z] >>> [apiv2][query] GET https://firebase.googleapis.com/v1beta1/projects/su-polstarova-bitva [none]
[debug] [2024-02-20T17:30:37.769Z] <<< [apiv2][status] GET https://firebase.googleapis.com/v1beta1/projects/su-polstarova-bitva 200
[debug] [2024-02-20T17:30:37.769Z] <<< [apiv2][body] GET https://firebase.googleapis.com/v1beta1/projects/su-polstarova-bitva {"projectId":"su-polstarova-bitva","projectNumber":"479260013171","displayName":"su-polstarova-bitva","name":"projects/su-polstarova-bitva","resources":{"hostingSite":"su-polstarova-bitva"},"state":"ACTIVE","etag":"1_7cfc84b6-239d-4be5-9536-2d057100ac45"}
[info] 
[info] === Deploying to 'su-polstarova-bitva'...
[info] 
[info] i  deploying hosting 
[debug] [2024-02-20T17:30:37.773Z] >>> [apiv2][query] POST https://firebasehosting.googleapis.com/v1beta1/projects/-/sites/su-polstarova-bitva/versions [none]
[debug] [2024-02-20T17:30:37.773Z] >>> [apiv2][body] POST https://firebasehosting.googleapis.com/v1beta1/projects/-/sites/su-polstarova-bitva/versions {"status":"CREATED","labels":{"deployment-tool":"cli-firebase"}}
[debug] [2024-02-20T17:30:39.054Z] <<< [apiv2][status] POST https://firebasehosting.googleapis.com/v1beta1/projects/-/sites/su-polstarova-bitva/versions 200
[debug] [2024-02-20T17:30:39.055Z] <<< [apiv2][body] POST https://firebasehosting.googleapis.com/v1beta1/projects/-/sites/su-polstarova-bitva/versions {"name":"projects/479260013171/sites/su-polstarova-bitva/versions/e5ae729b5688c50d","status":"CREATED","config":{},"labels":{"deployment-tool":"cli-firebase"}}
[info] i  hosting[su-polstarova-bitva]: beginning deploy... 
[info] i  hosting[su-polstarova-bitva]: found 64 files in dist 
[debug] [2024-02-20T17:30:39.071Z] [hosting] uploading with 200 concurrency
[debug] [2024-02-20T17:30:39.147Z] [hosting] hash cache [ZGlzdA] stored for 64 files
[debug] [2024-02-20T17:30:39.147Z] [hosting][hash queue][FINAL] {"max":66,"min":14,"avg":25.828125,"active":0,"complete":64,"success":64,"errored":0,"retried":0,"total":64,"elapsed":72}
[debug] [2024-02-20T17:30:39.147Z] >>> [apiv2][query] POST https://firebasehosting.googleapis.com/v1beta1/projects/479260013171/sites/su-polstarova-bitva/versions/e5ae729b5688c50d:populateFiles [none]
[debug] [2024-02-20T17:30:39.147Z] >>> [apiv2][body] POST https://firebasehosting.googleapis.com/v1beta1/projects/479260013171/sites/su-polstarova-bitva/versions/e5ae729b5688c50d:populateFiles {"files":{"/robots.txt":"61e55623f7b6f30780277e492fdbd76dfeea55abe5e1b7d4316de5fcfeb72e5f","/sitemap-index.xml":"211c19b8a1bbcf036c0512321a047d9be6fceaabe3d6290d1c0a5de7b4219a62","/404.html":"b1e1ed33acd4943ce2e2a24f0ef748b1303cd673f295cc4dca2a805830b94265","/site.webmanifest":"9cb25c2adb2c3cd29a18e43f4c8e7b7eaa0ad6308c916c61ca7a700f390ea477","/sitemap-0.xml":"1f8239e198ea60251045e393824087716f4851017f998dc73733175b4c289a84","/_astro/Button.e4554381.js":"de38a6324a47ace18ae5f2f31b552bdeffe82af732eca43fe502693a03559826","/_astro/Header.2cecd76a.js":"896939ce4d4573dfb472d939b81c6c2f0bcaad9ec374fd334b7958db8e705fa5","/_astro/index.550c2027.js":"10a54630da593e2289aca28a6c1bc0022d027a88c29d48d6007ecc2bca8605ea","/_astro/index.39500262.css":"ce580d4c671eee47a15f593e471bc34abfb9599da761b4adb52764ebc3fb8dc3","/_astro/open-sans-greek-ext-wght-normal.fb96390b.woff2":"2a6d2002b81b0f418e8c43f5033d35fdc14d3b3c0cc82722baf83fb3089065a6","/favicon/browserconfig.xml":"987327b4ec20add80d85539eff891b9c74a6ecbe956e6ce072827dba010aa685","/_astro/partneri.816446ca.css":"9a77c95f878e147cd453f94af4107972d0999ba9dcc3b5e8b806ffca60ee9f70","/favicon/android-chrome-192x192.png":"da095f6d45ba539e38a5938d55f515bd9b402854cbc21d9d76adf5e8d1a310aa","/favicon/favicon-32x32.png":"f6228834e68cbcc47788fb396272b48ac9123820d138aab0a0db79de918cdce2","/favicon/favicon-16x16.png":"fce26dbbbedb3a3849c8850c8ee6713c08aa752fe5c0727f9e968f469347e76e","/favicon/apple-touch-icon.png":"77d8ee70eafe2d22f9ea0a00a4cd3075bdede80141890ac8c501e030f6fe553e","/favicon/safari-pinned-tab.svg":"161fd4afae4600756189951abdaadbb7e4634c0ece16f596e7385ecb62002b92","/favicon/mstile-150x150.png":"4dcd64577d34751737c3aa25520a6f7aca07d0e7438139567ba2e5c34b711343","/favicon/favicon.ico":"b7816fb93f7ffe11950c7fdbe876f5916627ba18671328d3f7979c7728d843d5","/_astro/feather.056d0bd9_B9uJk.webp":"6d10da6c2c946e6529b4cb4385c021ddc973bcb04ed5079001bf4626b42d7c13","/_astro/feather.056d0bd9_1YNT29.webp":"6d10da6c2c946e6529b4cb4385c021ddc973bcb04ed5079001bf4626b42d7c13","/_astro/open-sans-cyrillic-wght-normal.8f76526e.woff2":"fe352b93c34c6f27c38b2a109624b79e9b42ad3ce791dd12a8e731ae4b54651e","/_astro/open-sans-greek-wght-normal.131c390d.woff2":"a7fdfce66627505eb0f1a11d55964d76bdc54438998793a65c5e13dc327cc62f","/_astro/open-sans-hebrew-wght-normal.dc0387c8.woff2":"74a3a49263f05d6fb7e22052560f325de6dc1aeae512e75b2a04b444a9fe578a","/_astro/open-sans-symbols-wght-normal.7e510e61.woff2":"2a8236f8da286caabd2c4b7d8b7b4b9864df81817949ff30675a5305953942e4","/_astro/open-sans-vietnamese-wght-normal.35e5eea8.woff2":"1bf056320587aabcad717a4a269cf0e8f2843d6042bcc2975cfd2bb3f2d7db0d","/favicon/android-chrome-512x512.png":"e2ac16ea87b505ce68bb0102a5a735c2d007a768346a571ad858cba686abc107","/_astro/PricingSection.1d3cb892.js":"c7cd7738a78769d1f3984a8f2210e74f94c3afae9879ed0d87ae826ba077dc4b","/_astro/feather.056d0bd9.webp":"b8f583bd85252558275b1852b500b911dd562130e147ea7e25ed70784df47244","/index.html":"b8af749bb1793b878f4a1814670458f5c27f24ca50f46325e58e2ada7eb8fbb7","/_astro/open-sans-latin-ext-wght-normal.adfa4526.woff2":"0147b2640c35e8252d73b057eabeb0f7dd88993cc3dea522fdb7575cfd855ff8","/_astro/open-sans-math-wght-normal.6b0dab53.woff2":"e5b5979ef065d8286fb73a3482fa45602bec49ebc151b5b195abcf65f0b722bd","/_astro/logo_rekordy_png.95ed5415.png":"a995afcaa6007a776199c2b72dc960b74ecae5f07295dcab11c0c7eaa874fbbf","/_astro/open-sans-latin-wght-normal.3c4d6a14.woff2":"a7c94dbb3b280ce16e96d2cc7769b56d4014fdec2e87abcf9a71550bdcc64caf","/_astro/open-sans-cyrillic-ext-wght-normal.ee63fd6e.woff2":"3f8265ead8619da8eee978f68da5b0ee4ff8b3d5b13372d75f93efea6334703b","/fonts/Humane-Light.woff2":"1fde653d65c6355a38e86183f78e9b8e3242fd0623e40d79822b86b668834d68","/kontakt/index.html":"61b7bb2e01e5c4cfb865935b327d7f9cdec0193bd21f5d2e57bfb633742b54f0","/ucastnici/index.html":"3bb3ae8bd9be8b78c2580d008806eb4f65d89d6b12766054507644eecc7a1ce0","/fonts/Neue-Regrade-Light.otf":"908e28a1982c85127aae3bab549a20e192f7d3075f510846b3ff731e1fd9f32f","/_astro/client.403881e5.js":"c6c54eecfc0cfc159b00324195b63d5c419a06b8134559c3f7feea974d8047a9","/fonts/Neue-Regrade-Bold.otf":"f7c67c3b52a7b2c101b845d71a3de21017040f0734160306ad13cde877044485","/fonts/Neue-Regrade-Medium.otf":"91e59ab49992d24771ce38cc70ac9a931f48d32f70f110d5a57e0c175a51f8cc","/fonts/Neue-Regrade-Regular.otf":"52e9c92bd543774ac3b34a67d79332af2a57025558801619c7b4da19436813fd","/partneri/index.html":"a2c75d02cbea8cd625d7661c6effc3c0fb473f415f0d613af39c3e1b96cb7d05","/fonts/Neue-Regrade-Semibold.otf":"b81250fd3ea3e3998e26023e29f8853108ecb190b626154ef10ce266b328d5f3","/fonts/Gilroy-Heavy.ttf":"47af66a4e35d52ca910c31128d2b1d30f42eb803481999a1834539285743383b","/fonts/Gilroy-Black.ttf":"b768b2fd9d6f393a5c59d51e3ce6016b1226cd2ab072f1e0318e404cb631645b","/fonts/Gilroy-ExtraBold.ttf":"0261f2ac33ed7cbd7f2495306938f9216273ddbd43f0e03304a244346c738355","/fonts/Gilroy-Bold.ttf":"0cd26489d3ad9855ccac5252c78f8699b01dc1ff849bf3d00b6b0767e26527a4","/_astro/david.b94bb319_vwQMB.webp":"43fd2550455534956afdf7f16b2f041d0f9e81fc70687392373ea61caf7b9b4e","/_astro/hero.9d0a0c07_1xdcc5.webp":"47f9f1872e51b5ab18f708f3c7af84a9844370220fb57f056ee7a654e6dfc785","/fonts/Gilroy-Medium.ttf":"5169940777c92aadc898380350c59ee4338676e72801a67cabb4f06f47cacd55","/_astro/lea.b33bead8_2hez2v.webp":"96d6eceb91b98d8e276cd71e0d300b9d5a9578833c175f31fb8e6a388feb1190","/fonts/Neue-Regrade-Variable.ttf":"60ea706fccfc62638136cdfae76106601aa9cc2822a892788e2a9c7a8036ed0d","/fonts/Gilroy-Light.ttf":"f8631e46961fe3c0ed75b32b780b311cca47722374f604fae067232755e7b901","/fonts/Gilroy-SemiBold.ttf":"8afd093ee2c2a40466f78f32606ac4e4d7d625e8c1a3595367da45d92544270b","/fonts/Gilroy-Regular.ttf":"055a06e9481d27f69772537945319f52d0a2fd9358d2460f7b25367f9ce69d46","/fonts/Gilroy-UltraLight.ttf":"4a6e8d2931cee6e2a171462f67579505b8923a637d0df24a9be0c75ee7cadccd","/fonts/Gilroy-Thin.ttf":"d8bc8bbc219b4c534f9e6940c7f429f116e7cad3dc106e1f1a4fb52d6fb52c24","/_astro/polstare_s_logama.159c27d1.png":"ad889cf622cadd79c84cebde8319b442fd5c55eec7606325fd7cfc9874a41712","/meta-image.jpg":"9345fc03a828124be748c9dad54e540eac0c31e96a5f78d32a9d024e03d068c4","/_astro/hero.9d0a0c07.png":"2ac8a65f6923a0ecd8ad56ee6945a68142b35ddf61b202fd0916394556496104","/_astro/david.b94bb319.jpeg":"517f11cd0bd4325ba4b92e22829f8094624791100099b24ffeea9904457c51c2","/_astro/lea.b33bead8.jpg":"42172a940dbc68b902c8a0b94f0c740153c2c6e926022e62355a2bcf97bce118"}}
[debug] [2024-02-20T17:30:39.528Z] <<< [apiv2][status] POST https://firebasehosting.googleapis.com/v1beta1/projects/479260013171/sites/su-polstarova-bitva/versions/e5ae729b5688c50d:populateFiles 200
[debug] [2024-02-20T17:30:39.528Z] <<< [apiv2][body] POST https://firebasehosting.googleapis.com/v1beta1/projects/479260013171/sites/su-polstarova-bitva/versions/e5ae729b5688c50d:populateFiles {"uploadRequiredHashes":["3bb3ae8bd9be8b78c2580d008806eb4f65d89d6b12766054507644eecc7a1ce0","b8af749bb1793b878f4a1814670458f5c27f24ca50f46325e58e2ada7eb8fbb7"],"uploadUrl":"https://upload-firebasehosting.googleapis.com/upload/sites/su-polstarova-bitva/versions/e5ae729b5688c50d/files"}
[debug] [2024-02-20T17:30:39.529Z] >>> [apiv2][query] POST https://upload-firebasehosting.googleapis.com/upload/sites/su-polstarova-bitva/versions/e5ae729b5688c50d/files/3bb3ae8bd9be8b78c2580d008806eb4f65d89d6b12766054507644eecc7a1ce0 [none]
[debug] [2024-02-20T17:30:39.529Z] >>> [apiv2][body] POST https://upload-firebasehosting.googleapis.com/upload/sites/su-polstarova-bitva/versions/e5ae729b5688c50d/files/3bb3ae8bd9be8b78c2580d008806eb4f65d89d6b12766054507644eecc7a1ce0 [stream]
[debug] [2024-02-20T17:30:39.529Z] >>> [apiv2][query] POST https://upload-firebasehosting.googleapis.com/upload/sites/su-polstarova-bitva/versions/e5ae729b5688c50d/files/b8af749bb1793b878f4a1814670458f5c27f24ca50f46325e58e2ada7eb8fbb7 [none]
[debug] [2024-02-20T17:30:39.529Z] >>> [apiv2][body] POST https://upload-firebasehosting.googleapis.com/upload/sites/su-polstarova-bitva/versions/e5ae729b5688c50d/files/b8af749bb1793b878f4a1814670458f5c27f24ca50f46325e58e2ada7eb8fbb7 [stream]
[debug] [2024-02-20T17:30:39.530Z] [hosting][populate queue][FINAL] {"max":384,"min":384,"avg":384,"active":0,"complete":1,"success":1,"errored":0,"retried":0,"total":1,"elapsed":385}
[debug] [2024-02-20T17:30:39.530Z] [hosting] uploads queued: 2
[debug] [2024-03-03T10:53:09.564Z] ----------------------------------------------------------------------
[debug] [2024-03-03T10:53:09.568Z] Command:       /Users/tomas.juricka/.nvm/versions/node/v20.10.0/bin/node /Users/tomas.juricka/.nvm/versions/node/v20.10.0/bin/firebase deploy
[debug] [2024-03-03T10:53:09.568Z] CLI Version:   13.1.0
[debug] [2024-03-03T10:53:09.568Z] Platform:      darwin
[debug] [2024-03-03T10:53:09.569Z] Node Version:  v20.10.0
[debug] [2024-03-03T10:53:09.569Z] Time:          Sun Mar 03 2024 11:53:09 GMT+0100 (Central European Standard Time)
[debug] [2024-03-03T10:53:09.569Z] ----------------------------------------------------------------------
[debug] 
[debug] [2024-03-03T10:53:09.571Z] >>> [apiv2][query] GET https://firebase-public.firebaseio.com/cli.json [none]
[debug] [2024-03-03T10:53:09.723Z] > command requires scopes: ["email","openid","https://www.googleapis.com/auth/cloudplatformprojects.readonly","https://www.googleapis.com/auth/firebase","https://www.googleapis.com/auth/cloud-platform"]
[debug] [2024-03-03T10:53:09.724Z] > authorizing via signed-in user (juricka@sutb.cz)
[debug] [2024-03-03T10:53:09.724Z] [iam] checking project su-polstarova-bitva for permissions ["firebase.projects.get","firebasehosting.sites.update"]
[debug] [2024-03-03T10:53:09.725Z] > refreshing access token with scopes: []
[debug] [2024-03-03T10:53:09.726Z] >>> [apiv2][query] POST https://www.googleapis.com/oauth2/v3/token [none]
[debug] [2024-03-03T10:53:09.726Z] >>> [apiv2][body] POST https://www.googleapis.com/oauth2/v3/token [omitted]
[debug] [2024-03-03T10:53:10.144Z] <<< [apiv2][status] POST https://www.googleapis.com/oauth2/v3/token 200
[debug] [2024-03-03T10:53:10.145Z] <<< [apiv2][body] POST https://www.googleapis.com/oauth2/v3/token [omitted]
[debug] [2024-03-03T10:53:10.164Z] >>> [apiv2][query] POST https://cloudresourcemanager.googleapis.com/v1/projects/su-polstarova-bitva:testIamPermissions [none]
[debug] [2024-03-03T10:53:10.164Z] >>> [apiv2][(partial)header] POST https://cloudresourcemanager.googleapis.com/v1/projects/su-polstarova-bitva:testIamPermissions x-goog-quota-user=projects/su-polstarova-bitva
[debug] [2024-03-03T10:53:10.164Z] >>> [apiv2][body] POST https://cloudresourcemanager.googleapis.com/v1/projects/su-polstarova-bitva:testIamPermissions {"permissions":["firebase.projects.get","firebasehosting.sites.update"]}
[debug] [2024-03-03T10:53:10.218Z] <<< [apiv2][status] GET https://firebase-public.firebaseio.com/cli.json 200
[debug] [2024-03-03T10:53:10.219Z] <<< [apiv2][body] GET https://firebase-public.firebaseio.com/cli.json {"cloudBuildErrorAfter":1594252800000,"cloudBuildWarnAfter":1590019200000,"defaultNode10After":1594252800000,"minVersion":"3.0.5","node8DeploysDisabledAfter":1613390400000,"node8RuntimeDisabledAfter":1615809600000,"node8WarnAfter":1600128000000}
[debug] [2024-03-03T10:53:11.197Z] <<< [apiv2][status] POST https://cloudresourcemanager.googleapis.com/v1/projects/su-polstarova-bitva:testIamPermissions 200
[debug] [2024-03-03T10:53:11.198Z] <<< [apiv2][body] POST https://cloudresourcemanager.googleapis.com/v1/projects/su-polstarova-bitva:testIamPermissions {"permissions":["firebase.projects.get","firebasehosting.sites.update"]}
[debug] [2024-03-03T10:53:11.204Z] >>> [apiv2][query] GET https://firebase.googleapis.com/v1beta1/projects/su-polstarova-bitva [none]
[debug] [2024-03-03T10:53:11.816Z] <<< [apiv2][status] GET https://firebase.googleapis.com/v1beta1/projects/su-polstarova-bitva 200
[debug] [2024-03-03T10:53:11.816Z] <<< [apiv2][body] GET https://firebase.googleapis.com/v1beta1/projects/su-polstarova-bitva {"projectId":"su-polstarova-bitva","projectNumber":"479260013171","displayName":"su-polstarova-bitva","name":"projects/su-polstarova-bitva","resources":{"hostingSite":"su-polstarova-bitva"},"state":"ACTIVE","etag":"1_7cfc84b6-239d-4be5-9536-2d057100ac45"}
[info] 
[info] === Deploying to 'su-polstarova-bitva'...
[info] 
[info] i  deploying hosting 
[debug] [2024-03-03T10:53:11.819Z] >>> [apiv2][query] POST https://firebasehosting.googleapis.com/v1beta1/projects/-/sites/su-polstarova-bitva/versions [none]
[debug] [2024-03-03T10:53:11.819Z] >>> [apiv2][body] POST https://firebasehosting.googleapis.com/v1beta1/projects/-/sites/su-polstarova-bitva/versions {"status":"CREATED","labels":{"deployment-tool":"cli-firebase"}}
[debug] [2024-03-03T10:53:13.612Z] <<< [apiv2][status] POST https://firebasehosting.googleapis.com/v1beta1/projects/-/sites/su-polstarova-bitva/versions 200
[debug] [2024-03-03T10:53:13.614Z] <<< [apiv2][body] POST https://firebasehosting.googleapis.com/v1beta1/projects/-/sites/su-polstarova-bitva/versions {"name":"projects/479260013171/sites/su-polstarova-bitva/versions/b382ad9172b03b35","status":"CREATED","config":{},"labels":{"deployment-tool":"cli-firebase"}}
[info] i  hosting[su-polstarova-bitva]: beginning deploy... 
[info] i  hosting[su-polstarova-bitva]: found 66 files in dist 
[debug] [2024-03-03T10:53:13.640Z] [hosting] uploading with 200 concurrency
[debug] [2024-03-03T10:53:13.797Z] [hosting] hash cache [ZGlzdA] stored for 66 files
[debug] [2024-03-03T10:53:13.798Z] [hosting][hash queue][FINAL] {"max":142,"min":25,"avg":45.5,"active":0,"complete":66,"success":66,"errored":0,"retried":0,"total":66,"elapsed":152}
[debug] [2024-03-03T10:53:13.799Z] >>> [apiv2][query] POST https://firebasehosting.googleapis.com/v1beta1/projects/479260013171/sites/su-polstarova-bitva/versions/b382ad9172b03b35:populateFiles [none]
[debug] [2024-03-03T10:53:13.800Z] >>> [apiv2][body] POST https://firebasehosting.googleapis.com/v1beta1/projects/479260013171/sites/su-polstarova-bitva/versions/b382ad9172b03b35:populateFiles {"files":{"/404.html":"f5bd72610b2c025e3eba63efc11154b1651ec8e39951a76c36ac49e68ec3cade","/_astro/Button.e4554381.js":"de38a6324a47ace18ae5f2f31b552bdeffe82af732eca43fe502693a03559826","/sitemap-index.xml":"211c19b8a1bbcf036c0512321a047d9be6fceaabe3d6290d1c0a5de7b4219a62","/sitemap-0.xml":"1f8239e198ea60251045e393824087716f4851017f998dc73733175b4c289a84","/site.webmanifest":"9cb25c2adb2c3cd29a18e43f4c8e7b7eaa0ad6308c916c61ca7a700f390ea477","/robots.txt":"61e55623f7b6f30780277e492fdbd76dfeea55abe5e1b7d4316de5fcfeb72e5f","/_astro/Header.2cecd76a.js":"896939ce4d4573dfb472d939b81c6c2f0bcaad9ec374fd334b7958db8e705fa5","/_astro/index.550c2027.js":"10a54630da593e2289aca28a6c1bc0022d027a88c29d48d6007ecc2bca8605ea","/_astro/index.1db1a7a9.css":"3d659d61f13239dad2cd902cf86348f7baa10ff2b80a81a197715983d5c94553","/_astro/open-sans-greek-ext-wght-normal.fb96390b.woff2":"2a6d2002b81b0f418e8c43f5033d35fdc14d3b3c0cc82722baf83fb3089065a6","/favicon/android-chrome-192x192.png":"da095f6d45ba539e38a5938d55f515bd9b402854cbc21d9d76adf5e8d1a310aa","/_astro/partneri.816446ca.css":"9a77c95f878e147cd453f94af4107972d0999ba9dcc3b5e8b806ffca60ee9f70","/favicon/favicon-16x16.png":"fce26dbbbedb3a3849c8850c8ee6713c08aa752fe5c0727f9e968f469347e76e","/favicon/browserconfig.xml":"987327b4ec20add80d85539eff891b9c74a6ecbe956e6ce072827dba010aa685","/favicon/favicon-32x32.png":"f6228834e68cbcc47788fb396272b48ac9123820d138aab0a0db79de918cdce2","/favicon/mstile-150x150.png":"4dcd64577d34751737c3aa25520a6f7aca07d0e7438139567ba2e5c34b711343","/favicon/safari-pinned-tab.svg":"161fd4afae4600756189951abdaadbb7e4634c0ece16f596e7385ecb62002b92","/favicon/favicon.ico":"b7816fb93f7ffe11950c7fdbe876f5916627ba18671328d3f7979c7728d843d5","/favicon/apple-touch-icon.png":"77d8ee70eafe2d22f9ea0a00a4cd3075bdede80141890ac8c501e030f6fe553e","/_astro/feather.056d0bd9_B9uJk.webp":"6d10da6c2c946e6529b4cb4385c021ddc973bcb04ed5079001bf4626b42d7c13","/_astro/feather.056d0bd9_1YNT29.webp":"6d10da6c2c946e6529b4cb4385c021ddc973bcb04ed5079001bf4626b42d7c13","/_astro/open-sans-cyrillic-wght-normal.8f76526e.woff2":"fe352b93c34c6f27c38b2a109624b79e9b42ad3ce791dd12a8e731ae4b54651e","/_astro/open-sans-hebrew-wght-normal.dc0387c8.woff2":"74a3a49263f05d6fb7e22052560f325de6dc1aeae512e75b2a04b444a9fe578a","/_astro/open-sans-greek-wght-normal.131c390d.woff2":"a7fdfce66627505eb0f1a11d55964d76bdc54438998793a65c5e13dc327cc62f","/_astro/open-sans-vietnamese-wght-normal.35e5eea8.woff2":"1bf056320587aabcad717a4a269cf0e8f2843d6042bcc2975cfd2bb3f2d7db0d","/_astro/open-sans-symbols-wght-normal.7e510e61.woff2":"2a8236f8da286caabd2c4b7d8b7b4b9864df81817949ff30675a5305953942e4","/favicon/android-chrome-512x512.png":"e2ac16ea87b505ce68bb0102a5a735c2d007a768346a571ad858cba686abc107","/index.html":"eb8e37af1abc9ab61e595449b95de8507c1a0a16140c10b6c4b283a2e1aa2070","/_astro/feather.056d0bd9.webp":"b8f583bd85252558275b1852b500b911dd562130e147ea7e25ed70784df47244","/_astro/PricingSection.817a24b7.js":"c7cd7738a78769d1f3984a8f2210e74f94c3afae9879ed0d87ae826ba077dc4b","/_astro/logo_rekordy_png.95ed5415.png":"a995afcaa6007a776199c2b72dc960b74ecae5f07295dcab11c0c7eaa874fbbf","/_astro/open-sans-math-wght-normal.6b0dab53.woff2":"e5b5979ef065d8286fb73a3482fa45602bec49ebc151b5b195abcf65f0b722bd","/_astro/open-sans-latin-wght-normal.3c4d6a14.woff2":"a7c94dbb3b280ce16e96d2cc7769b56d4014fdec2e87abcf9a71550bdcc64caf","/_astro/open-sans-latin-ext-wght-normal.adfa4526.woff2":"0147b2640c35e8252d73b057eabeb0f7dd88993cc3dea522fdb7575cfd855ff8","/_astro/open-sans-cyrillic-ext-wght-normal.ee63fd6e.woff2":"3f8265ead8619da8eee978f68da5b0ee4ff8b3d5b13372d75f93efea6334703b","/fonts/Humane-Light.woff2":"1fde653d65c6355a38e86183f78e9b8e3242fd0623e40d79822b86b668834d68","/_astro/client.403881e5.js":"c6c54eecfc0cfc159b00324195b63d5c419a06b8134559c3f7feea974d8047a9","/kontakt/index.html":"0fb9fdf6561f82635dbdfc04d739566a9b5fd05070c0eadedda9f10573bf46b1","/ucastnici/index.html":"0141d6f5ab2064f5f2a804643645ea8b6e69416a588a73f6079c1bb5c369a5bc","/fonts/Neue-Regrade-Bold.otf":"f7c67c3b52a7b2c101b845d71a3de21017040f0734160306ad13cde877044485","/fonts/Gilroy-Heavy.ttf":"47af66a4e35d52ca910c31128d2b1d30f42eb803481999a1834539285743383b","/fonts/Neue-Regrade-Light.otf":"908e28a1982c85127aae3bab549a20e192f7d3075f510846b3ff731e1fd9f32f","/fonts/Neue-Regrade-Medium.otf":"91e59ab49992d24771ce38cc70ac9a931f48d32f70f110d5a57e0c175a51f8cc","/fonts/Neue-Regrade-Regular.otf":"52e9c92bd543774ac3b34a67d79332af2a57025558801619c7b4da19436813fd","/fonts/Neue-Regrade-Semibold.otf":"b81250fd3ea3e3998e26023e29f8853108ecb190b626154ef10ce266b328d5f3","/partneri/index.html":"773fc751f09af896054a69e1c21fb2777039503d4d0fa228f6ef05fa468e96a1","/fonts/Gilroy-ExtraBold.ttf":"0261f2ac33ed7cbd7f2495306938f9216273ddbd43f0e03304a244346c738355","/fonts/Gilroy-Black.ttf":"b768b2fd9d6f393a5c59d51e3ce6016b1226cd2ab072f1e0318e404cb631645b","/_astro/hero.49db260a_ZNP3ns.webp":"254f94ef74bc6d4d4d9822d746f151e6fe15f4c620e4b8f2fb88ec255a0c977f","/fonts/Gilroy-Bold.ttf":"0cd26489d3ad9855ccac5252c78f8699b01dc1ff849bf3d00b6b0767e26527a4","/_astro/david.b94bb319_vwQMB.webp":"43fd2550455534956afdf7f16b2f041d0f9e81fc70687392373ea61caf7b9b4e","/_astro/hero.9d0a0c07_1xdcc5.webp":"47f9f1872e51b5ab18f708f3c7af84a9844370220fb57f056ee7a654e6dfc785","/_astro/lea.b33bead8_2hez2v.webp":"96d6eceb91b98d8e276cd71e0d300b9d5a9578833c175f31fb8e6a388feb1190","/fonts/Neue-Regrade-Variable.ttf":"60ea706fccfc62638136cdfae76106601aa9cc2822a892788e2a9c7a8036ed0d","/fonts/Gilroy-Regular.ttf":"055a06e9481d27f69772537945319f52d0a2fd9358d2460f7b25367f9ce69d46","/fonts/Gilroy-SemiBold.ttf":"8afd093ee2c2a40466f78f32606ac4e4d7d625e8c1a3595367da45d92544270b","/fonts/Gilroy-Light.ttf":"f8631e46961fe3c0ed75b32b780b311cca47722374f604fae067232755e7b901","/fonts/Gilroy-Medium.ttf":"5169940777c92aadc898380350c59ee4338676e72801a67cabb4f06f47cacd55","/fonts/Gilroy-UltraLight.ttf":"4a6e8d2931cee6e2a171462f67579505b8923a637d0df24a9be0c75ee7cadccd","/fonts/Gilroy-Thin.ttf":"d8bc8bbc219b4c534f9e6940c7f429f116e7cad3dc106e1f1a4fb52d6fb52c24","/_astro/polstare_s_logama.159c27d1.png":"ad889cf622cadd79c84cebde8319b442fd5c55eec7606325fd7cfc9874a41712","/meta-image.jpg":"9345fc03a828124be748c9dad54e540eac0c31e96a5f78d32a9d024e03d068c4","/_astro/hero.49db260a.png":"2efda4877499951fc812623df70967a822dc42a86705f3170ca7dccf836fb227","/_astro/hero.9d0a0c07.png":"2ac8a65f6923a0ecd8ad56ee6945a68142b35ddf61b202fd0916394556496104","/_astro/lea.b33bead8.jpg":"42172a940dbc68b902c8a0b94f0c740153c2c6e926022e62355a2bcf97bce118","/_astro/david.b94bb319.jpeg":"517f11cd0bd4325ba4b92e22829f8094624791100099b24ffeea9904457c51c2"}}
[debug] [2024-03-03T10:53:14.616Z] <<< [apiv2][status] POST https://firebasehosting.googleapis.com/v1beta1/projects/479260013171/sites/su-polstarova-bitva/versions/b382ad9172b03b35:populateFiles 200
[debug] [2024-03-03T10:53:14.617Z] <<< [apiv2][body] POST https://firebasehosting.googleapis.com/v1beta1/projects/479260013171/sites/su-polstarova-bitva/versions/b382ad9172b03b35:populateFiles {"uploadRequiredHashes":["254f94ef74bc6d4d4d9822d746f151e6fe15f4c620e4b8f2fb88ec255a0c977f","0141d6f5ab2064f5f2a804643645ea8b6e69416a588a73f6079c1bb5c369a5bc","2efda4877499951fc812623df70967a822dc42a86705f3170ca7dccf836fb227","f5bd72610b2c025e3eba63efc11154b1651ec8e39951a76c36ac49e68ec3cade","3d659d61f13239dad2cd902cf86348f7baa10ff2b80a81a197715983d5c94553","0fb9fdf6561f82635dbdfc04d739566a9b5fd05070c0eadedda9f10573bf46b1","773fc751f09af896054a69e1c21fb2777039503d4d0fa228f6ef05fa468e96a1","eb8e37af1abc9ab61e595449b95de8507c1a0a16140c10b6c4b283a2e1aa2070"],"uploadUrl":"https://upload-firebasehosting.googleapis.com/upload/sites/su-polstarova-bitva/versions/b382ad9172b03b35/files"}
[debug] [2024-03-03T10:53:14.619Z] >>> [apiv2][query] POST https://upload-firebasehosting.googleapis.com/upload/sites/su-polstarova-bitva/versions/b382ad9172b03b35/files/254f94ef74bc6d4d4d9822d746f151e6fe15f4c620e4b8f2fb88ec255a0c977f [none]
[debug] [2024-03-03T10:53:14.620Z] >>> [apiv2][body] POST https://upload-firebasehosting.googleapis.com/upload/sites/su-polstarova-bitva/versions/b382ad9172b03b35/files/254f94ef74bc6d4d4d9822d746f151e6fe15f4c620e4b8f2fb88ec255a0c977f [stream]
[debug] [2024-03-03T10:53:14.622Z] >>> [apiv2][query] POST https://upload-firebasehosting.googleapis.com/upload/sites/su-polstarova-bitva/versions/b382ad9172b03b35/files/0141d6f5ab2064f5f2a804643645ea8b6e69416a588a73f6079c1bb5c369a5bc [none]
[debug] [2024-03-03T10:53:14.622Z] >>> [apiv2][body] POST https://upload-firebasehosting.googleapis.com/upload/sites/su-polstarova-bitva/versions/b382ad9172b03b35/files/0141d6f5ab2064f5f2a804643645ea8b6e69416a588a73f6079c1bb5c369a5bc [stream]
[debug] [2024-03-03T10:53:14.623Z] >>> [apiv2][query] POST https://upload-firebasehosting.googleapis.com/upload/sites/su-polstarova-bitva/versions/b382ad9172b03b35/files/2efda4877499951fc812623df70967a822dc42a86705f3170ca7dccf836fb227 [none]
[debug] [2024-03-03T10:53:14.623Z] >>> [apiv2][body] POST https://upload-firebasehosting.googleapis.com/upload/sites/su-polstarova-bitva/versions/b382ad9172b03b35/files/2efda4877499951fc812623df70967a822dc42a86705f3170ca7dccf836fb227 [stream]
[debug] [2024-03-03T10:53:14.625Z] >>> [apiv2][query] POST https://upload-firebasehosting.googleapis.com/upload/sites/su-polstarova-bitva/versions/b382ad9172b03b35/files/f5bd72610b2c025e3eba63efc11154b1651ec8e39951a76c36ac49e68ec3cade [none]
[debug] [2024-03-03T10:53:14.625Z] >>> [apiv2][body] POST https://upload-firebasehosting.googleapis.com/upload/sites/su-polstarova-bitva/versions/b382ad9172b03b35/files/f5bd72610b2c025e3eba63efc11154b1651ec8e39951a76c36ac49e68ec3cade [stream]
[debug] [2024-03-03T10:53:14.627Z] >>> [apiv2][query] POST https://upload-firebasehosting.googleapis.com/upload/sites/su-polstarova-bitva/versions/b382ad9172b03b35/files/3d659d61f13239dad2cd902cf86348f7baa10ff2b80a81a197715983d5c94553 [none]
[debug] [2024-03-03T10:53:14.627Z] >>> [apiv2][body] POST https://upload-firebasehosting.googleapis.com/upload/sites/su-polstarova-bitva/versions/b382ad9172b03b35/files/3d659d61f13239dad2cd902cf86348f7baa10ff2b80a81a197715983d5c94553 [stream]
[debug] [2024-03-03T10:53:14.629Z] >>> [apiv2][query] POST https://upload-firebasehosting.googleapis.com/upload/sites/su-polstarova-bitva/versions/b382ad9172b03b35/files/0fb9fdf6561f82635dbdfc04d739566a9b5fd05070c0eadedda9f10573bf46b1 [none]
[debug] [2024-03-03T10:53:14.629Z] >>> [apiv2][body] POST https://upload-firebasehosting.googleapis.com/upload/sites/su-polstarova-bitva/versions/b382ad9172b03b35/files/0fb9fdf6561f82635dbdfc04d739566a9b5fd05070c0eadedda9f10573bf46b1 [stream]
[debug] [2024-03-03T10:53:14.630Z] >>> [apiv2][query] POST https://upload-firebasehosting.googleapis.com/upload/sites/su-polstarova-bitva/versions/b382ad9172b03b35/files/773fc751f09af896054a69e1c21fb2777039503d4d0fa228f6ef05fa468e96a1 [none]
[debug] [2024-03-03T10:53:14.630Z] >>> [apiv2][body] POST https://upload-firebasehosting.googleapis.com/upload/sites/su-polstarova-bitva/versions/b382ad9172b03b35/files/773fc751f09af896054a69e1c21fb2777039503d4d0fa228f6ef05fa468e96a1 [stream]
[debug] [2024-03-03T10:53:14.632Z] >>> [apiv2][query] POST https://upload-firebasehosting.googleapis.com/upload/sites/su-polstarova-bitva/versions/b382ad9172b03b35/files/eb8e37af1abc9ab61e595449b95de8507c1a0a16140c10b6c4b283a2e1aa2070 [none]
[debug] [2024-03-03T10:53:14.632Z] >>> [apiv2][body] POST https://upload-firebasehosting.googleapis.com/upload/sites/su-polstarova-bitva/versions/b382ad9172b03b35/files/eb8e37af1abc9ab61e595449b95de8507c1a0a16140c10b6c4b283a2e1aa2070 [stream]
[debug] [2024-03-03T10:53:14.634Z] [hosting][populate queue][FINAL] {"max":825,"min":825,"avg":825,"active":0,"complete":1,"success":1,"errored":0,"retried":0,"total":1,"elapsed":840}
[debug] [2024-03-03T10:53:14.634Z] [hosting] uploads queued: 8
